<?xml version="1.0" encoding="UTF-8"?>
<testsuite name="uk.gov.hmcts.futurehearings.hmi.integration.junit5.TrialTestContainer" tests="4" skipped="0" failures="0" errors="0" timestamp="2020-08-11T22:25:31" hostname="Pettedsons-MBP.broadband" time="8.675">
  <properties/>
  <testcase name="test_Devide" classname="uk.gov.hmcts.futurehearings.hmi.integration.junit5.TrialTestContainer" time="0.939"/>
  <testcase name="test_Add" classname="uk.gov.hmcts.futurehearings.hmi.integration.junit5.TrialTestContainer" time="0.0"/>
  <testcase name="dynamicTestsFromCollection()[1]" classname="uk.gov.hmcts.futurehearings.hmi.integration.junit5.TrialTestContainer" time="0.0"/>
  <testcase name="dynamicTestsFromCollection()[2]" classname="uk.gov.hmcts.futurehearings.hmi.integration.junit5.TrialTestContainer" time="0.0"/>
  <system-out><![CDATA[2020-08-11T23:25:32.485 INFO  [Test worker] o.s.b.t.context.SpringBootTestContextBootstrapper Neither @ContextConfiguration nor @ContextHierarchy found for test class [uk.gov.hmcts.futurehearings.hmi.integration.junit5.TrialTestContainer], using SpringBootContextLoader
2020-08-11T23:25:32.497 INFO  [Test worker] o.s.test.context.support.AbstractContextLoader Could not detect default resource locations for test class [uk.gov.hmcts.futurehearings.hmi.integration.junit5.TrialTestContainer]: no resource found for suffixes {-context.xml, Context.groovy}.
2020-08-11T23:25:32.853 INFO  [Test worker] o.s.b.t.context.SpringBootTestContextBootstrapper Loaded default TestExecutionListener class names from location [META-INF/spring.factories]: [org.springframework.boot.test.autoconfigure.restdocs.RestDocsTestExecutionListener, org.springframework.boot.test.autoconfigure.web.client.MockRestServiceServerResetTestExecutionListener, org.springframework.boot.test.autoconfigure.web.servlet.MockMvcPrintOnlyOnFailureTestExecutionListener, org.springframework.boot.test.autoconfigure.web.servlet.WebDriverTestExecutionListener, org.springframework.boot.test.autoconfigure.webservices.client.MockWebServiceServerTestExecutionListener, org.springframework.boot.test.mock.mockito.MockitoTestExecutionListener, org.springframework.boot.test.mock.mockito.ResetMocksTestExecutionListener, org.springframework.test.context.web.ServletTestExecutionListener, org.springframework.test.context.support.DirtiesContextBeforeModesTestExecutionListener, org.springframework.test.context.support.DependencyInjectionTestExecutionListener, org.springframework.test.context.support.DirtiesContextTestExecutionListener, org.springframework.test.context.transaction.TransactionalTestExecutionListener, org.springframework.test.context.jdbc.SqlScriptsTestExecutionListener, org.springframework.test.context.event.EventPublishingTestExecutionListener]
2020-08-11T23:25:32.883 INFO  [Test worker] o.s.b.t.context.SpringBootTestContextBootstrapper Using TestExecutionListeners: [org.springframework.test.context.web.ServletTestExecutionListener@2cb40634, org.springframework.test.context.support.DirtiesContextBeforeModesTestExecutionListener@623b61e3, org.springframework.boot.test.mock.mockito.MockitoTestExecutionListener@7a56678b, org.springframework.boot.test.autoconfigure.SpringBootDependencyInjectionTestExecutionListener@4a0c1724, org.springframework.test.context.support.DirtiesContextTestExecutionListener@46053df7, org.springframework.test.context.event.EventPublishingTestExecutionListener@7f0868ad, org.springframework.boot.test.autoconfigure.restdocs.RestDocsTestExecutionListener@362b22f8, org.springframework.boot.test.autoconfigure.web.client.MockRestServiceServerResetTestExecutionListener@1cb4b62e, org.springframework.boot.test.autoconfigure.web.servlet.MockMvcPrintOnlyOnFailureTestExecutionListener@73b1caca, org.springframework.boot.test.autoconfigure.web.servlet.WebDriverTestExecutionListener@4f408911, org.springframework.boot.test.autoconfigure.webservices.client.MockWebServiceServerTestExecutionListener@20934ee3, org.springframework.boot.test.mock.mockito.ResetMocksTestExecutionListener@19af8919]

  .   ____          _            __ _ _
 /\\ / ___'_ __ _ _(_)_ __  __ _ \ \ \ \
( ( )\___ | '_ | '_| | '_ \/ _` | \ \ \ \
 \\/  ___)| |_)| | | | | || (_| |  ) ) ) )
  '  |____| .__|_| |_|_| |_\__, | / / / /
 =========|_|==============|___/=/_/_/_/
 :: Spring Boot ::        (v2.3.1.RELEASE)

2020-08-11T23:25:34.660 INFO  [Test worker] o.s.c.b.c.PropertySourceBootstrapConfiguration Located property source: [BootstrapPropertySource {name='bootstrapProperties-propertiesvolume.null'}]
2020-08-11T23:25:34.679 INFO  [Test worker] u.g.h.f.hmi.integration.junit5.TrialTestContainer The following profiles are active: integration
2020-08-11T23:25:35.904 WARN  [Test worker] o.springframework.boot.actuate.endpoint.EndpointId Endpoint ID 'hystrix.stream' contains invalid characters, please migrate to a valid format.
2020-08-11T23:25:35.978 INFO  [Test worker] o.springframework.cloud.context.scope.GenericScope BeanFactory id=fc60b9b3-d2ac-3131-ba81-0c5b56eace77
2020-08-11T23:25:37.168 WARN  [Test worker] com.netflix.config.sources.URLConfigurationSource No URLs will be polled as dynamic configuration sources.
2020-08-11T23:25:37.168 INFO  [Test worker] com.netflix.config.sources.URLConfigurationSource To enable URLs as dynamic configuration sources, define System property archaius.configurationSource.additionalUrls or make config.properties available on classpath.
2020-08-11T23:25:37.188 INFO  [Test worker] com.netflix.config.DynamicPropertyFactory DynamicPropertyFactory is initialized with configuration sources: com.netflix.config.ConcurrentCompositeConfiguration@6aeabd89
2020-08-11T23:25:37.576 INFO  [Test worker] o.s.b.actuate.endpoint.web.EndpointLinksResolver Exposing 2 endpoint(s) beneath base path '/actuator'
2020-08-11T23:25:37.765 INFO  [Test worker] s.d.s.w.PropertySourcedRequestMappingHandlerMapping Mapped URL path [/v2/api-docs] onto method [springfox.documentation.swagger2.web.Swagger2Controller#getDocumentation(String, HttpServletRequest)]
2020-08-11T23:25:37.946 WARN  [Test worker] o.s.c.netflix.archaius.ArchaiusAutoConfiguration No spring.application.name found, defaulting to 'application'
2020-08-11T23:25:37.947 WARN  [Test worker] com.netflix.config.sources.URLConfigurationSource No URLs will be polled as dynamic configuration sources.
2020-08-11T23:25:37.947 INFO  [Test worker] com.netflix.config.sources.URLConfigurationSource To enable URLs as dynamic configuration sources, define System property archaius.configurationSource.additionalUrls or make config.properties available on classpath.
2020-08-11T23:25:38.171 INFO  [Test worker] o.s.scheduling.concurrent.ThreadPoolTaskExecutor Initializing ExecutorService 'applicationTaskExecutor'
2020-08-11T23:25:39.023 WARN  [Test worker] o.s.b.a.freemarker.FreeMarkerAutoConfiguration Cannot find template location(s): [classpath:/templates/] (please add some templates, check your FreeMarker configuration, or set spring.freemarker.checkTemplateLocation=false)
2020-08-11T23:25:39.219 INFO  [Test worker] s.d.s.web.plugins.DocumentationPluginsBootstrapper Context refreshed
2020-08-11T23:25:39.242 INFO  [Test worker] s.d.s.web.plugins.DocumentationPluginsBootstrapper Found 1 custom documentation plugin(s)
2020-08-11T23:25:39.309 INFO  [Test worker] s.d.spring.web.scanners.ApiListingReferenceScanner Scanning for api listing references
2020-08-11T23:25:39.422 INFO  [Test worker] u.g.h.f.hmi.integration.junit5.TrialTestContainer Started TrialTestContainer in 6.434 seconds (JVM running for 9.764)
Before execute dynamicTestsFromCollection
The value of the targetInstance https://hmi-apim-svc-sbox.azure-api.net/hmi/hearings
After execute dynamicTestsFromCollection
]]></system-out>
  <system-err><![CDATA[]]></system-err>
</testsuite>
