<?xml version="1.0" encoding="UTF-8"?>
<testsuite name="uk.gov.hmcts.futurehearings.hmi.integration.schema.EveritJsonSchemaValidation" tests="1" skipped="0" failures="0" errors="0" timestamp="2020-10-08T15:45:00" hostname="Pettedsons-MBP.broadband" time="0.234">
  <properties/>
  <testcase name="TestBasicSchemaValidationWithExternalReferences()" classname="uk.gov.hmcts.futurehearings.hmi.integration.schema.EveritJsonSchemaValidation" time="0.234"/>
  <system-out><![CDATA[File Found : true
File Found : true
File Found : true
]]></system-out>
  <system-err><![CDATA[]]></system-err>
</testsuite>
