<?xml version="1.0" encoding="UTF-8"?>
<testsuite name="uk.gov.hmcts.futurehearings.hmi.functional.employee.EmployeeServiceTest" tests="1" skipped="0" failures="0" errors="0" timestamp="2020-07-08T21:53:55" hostname="Pettedsons-MBP.broadband" time="6.945">
  <properties/>
  <testcase name="testSuccessfullGet" classname="uk.gov.hmcts.futurehearings.hmi.functional.employee.EmployeeServiceTest" time="6.945"/>
  <system-out><![CDATA[22:53:55.523 [Test worker] INFO  - 

-------------------------------------------------------------------------------------
     _______. _______ .______       _______ .__   __.  __  .___________.____    ____ 
    /       ||   ____||   _  \     |   ____||  \ |  | |  | |           |\   \  /   / 
   |   (----`|  |__   |  |_)  |    |  |__   |   \|  | |  | `---|  |----` \   \/   /  
    \   \    |   __|  |      /     |   __|  |  . `  | |  |     |  |       \_    _/   
.----)   |   |  |____ |  |\  \----.|  |____ |  |\   | |  |     |  |         |  |     
|_______/    |_______|| _| `._____||_______||__| \__| |__|     |__|         |__|    
                                                                                     
 News and tutorials at http://www.serenity-bdd.info                                  
 Documentation at https://wakaleo.gitbooks.io/the-serenity-book/content/             
 Join the Serenity Community on Gitter: https://gitter.im/serenity-bdd/serenity-core 
 Serenity BDD Support and Training at http://serenity-bdd.info/#/trainingandsupport  
-------------------------------------------------------------------------------------

22:53:55.536 [Test worker] DEBUG net.serenitybdd.junit.spring.integration.SpringIntegrationClassRule - Applying class rule to class uk.gov.hmcts.futurehearings.hmi.functional.employee.EmployeeServiceTest
22:53:55.543 [Test worker] DEBUG org.springframework.test.context.support.AbstractDirtiesContextTestExecutionListener - Before test class: context [DefaultTestContext@640b5289 testClass = EmployeeServiceTest, testInstance = [null], testMethod = [null], testException = [null], mergedContextConfiguration = [WebMergedContextConfiguration@117ca6f7 testClass = EmployeeServiceTest, locations = '{}', classes = '{class uk.gov.hmcts.futurehearings.hmi.functional.Application, class uk.gov.hmcts.futurehearings.hmi.functional.Application}', contextInitializerClasses = '[]', activeProfiles = '{functional}', propertySourceLocations = '{}', propertySourceProperties = '{org.springframework.boot.test.context.SpringBootTestContextBootstrapper=true}', contextCustomizers = set[org.springframework.boot.test.autoconfigure.properties.PropertyMappingContextCustomizer@0, org.springframework.boot.test.autoconfigure.web.servlet.WebDriverContextCustomizerFactory$Customizer@219950fa, org.springframework.boot.test.context.filter.ExcludeFilterContextCustomizer@60b28ea6, org.springframework.boot.test.json.DuplicateJsonObjectContextCustomizerFactory$DuplicateJsonObjectContextCustomizer@59dbd5e0, org.springframework.boot.test.mock.mockito.MockitoContextCustomizer@0, org.springframework.boot.test.web.client.TestRestTemplateContextCustomizer@6b80894, org.springframework.boot.test.context.SpringBootTestArgs@1], resourceBasePath = 'src/main/webapp', contextLoader = 'org.springframework.boot.test.context.SpringBootContextLoader', parent = [null]], attributes = map['org.springframework.test.context.web.ServletTestExecutionListener.activateListener' -> true]], class annotated with @DirtiesContext [false] with mode [null].
22:53:55.564 [Test worker] DEBUG net.thucydides.core.steps.StepEventBus - Test suite started for class uk.gov.hmcts.futurehearings.hmi.functional.employee.EmployeeServiceTest
22:53:55.594 [Test worker] INFO  - Test Suite Started: Employee service test
22:53:56.001 [Test worker] DEBUG net.thucydides.core.model.featuretags.StoryFileStrategy - Story name for employee => story:Employee/Employee service test
22:53:56.004 [Test worker] INFO  - 
 _____ _____ ____ _____   ____ _____  _    ____ _____ _____ ____  
|_   _| ____/ ___|_   _| / ___|_   _|/ \  |  _ \_   _| ____|  _ \ 
  | | |  _| \___ \ | |   \___ \ | | / _ \ | |_) || | |  _| | | | |
  | | | |___ ___) || |    ___) || |/ ___ \|  _ < | | | |___| |_| |
  |_| |_____|____/ |_|   |____/ |_/_/   \_\_| \_\|_| |_____|____/ 

testSuccessfullGet
-------------------------------------------------------------------
22:53:56.054 [Test worker] DEBUG org.springframework.core.env.StandardEnvironment - Activating profiles [functional]
22:53:56.058 [Test worker] DEBUG org.springframework.test.context.support.TestPropertySourceUtils - Adding inlined properties to environment: {spring.jmx.enabled=false, org.springframework.boot.test.context.SpringBootTestContextBootstrapper=true}

  .   ____          _            __ _ _
 /\\ / ___'_ __ _ _(_)_ __  __ _ \ \ \ \
( ( )\___ | '_ | '_| | '_ \/ _` | \ \ \ \
 \\/  ___)| |_)| | | | | || (_| |  ) ) ) )
  '  |____| .__|_| |_|_| |_\__, | / / / /
 =========|_|==============|___/=/_/_/_/
 :: Spring Boot ::        (v2.3.1.RELEASE)

2020-07-08 22:53:56.531  INFO 42592 --- [    Test worker] u.g.h.f.h.f.e.EmployeeServiceTest        : Starting EmployeeServiceTest on Pettedsons-MBP.broadband with PID 42592 (started by johnp in /Users/johnp/Reform/hmi-integration-model)
2020-07-08 22:53:56.532  INFO 42592 --- [    Test worker] u.g.h.f.h.f.e.EmployeeServiceTest        : The following profiles are active: functional
2020-07-08 22:53:58.824  INFO 42592 --- [    Test worker] pertySourcedRequestMappingHandlerMapping : Mapped URL path [/v2/api-docs] onto method [springfox.documentation.swagger2.web.Swagger2Controller#getDocumentation(String, HttpServletRequest)]
2020-07-08 22:53:59.078  INFO 42592 --- [    Test worker] o.s.s.concurrent.ThreadPoolTaskExecutor  : Initializing ExecutorService 'applicationTaskExecutor'
2020-07-08 22:53:59.440  WARN 42592 --- [    Test worker] o.s.b.a.f.FreeMarkerAutoConfiguration    : Cannot find template location(s): [classpath:/templates/] (please add some templates, check your FreeMarker configuration, or set spring.freemarker.checkTemplateLocation=false)
2020-07-08 22:53:59.500  INFO 42592 --- [    Test worker] d.s.w.p.DocumentationPluginsBootstrapper : Context refreshed
2020-07-08 22:53:59.508  INFO 42592 --- [    Test worker] d.s.w.p.DocumentationPluginsBootstrapper : Found 1 custom documentation plugin(s)
2020-07-08 22:53:59.548  INFO 42592 --- [    Test worker] s.d.s.w.s.ApiListingReferenceScanner     : Scanning for api listing references
2020-07-08 22:53:59.615  INFO 42592 --- [    Test worker] u.g.h.f.h.f.e.EmployeeServiceTest        : Started EmployeeServiceTest in 3.54 seconds (JVM running for 7.131)
File Found : true
The value of the base path http://localhost:4550
2020-07-08 22:54:02.780  INFO 42592 --- [    Test worker]                                          : 
        __    _____ _____ ____ _____   ____   _    ____  ____  _____ ____  
  _     \ \  |_   _| ____/ ___|_   _| |  _ \ / \  / ___|/ ___|| ____|  _ \ 
 (_)_____| |   | | |  _| \___ \ | |   | |_) / _ \ \___ \\___ \|  _| | | | |
  _|_____| |   | | | |___ ___) || |   |  __/ ___ \ ___) |___) | |___| |_| |
 (_)     | |   |_| |_____|____/ |_|   |_| /_/   \_\____/|____/|_____|____/ 
        /_/                                                                

Test successfull get
----------------------------------------------------------------------------
]]></system-out>
  <system-err><![CDATA[]]></system-err>
</testsuite>
